{"/home/Artur/Desktop/Expo/navigationApp/App.tsx": {"path":"/home/Artur/Desktop/Expo/navigationApp/App.tsx","statementMap":{"0":{"start":{"line":5,"column":2},"end":{"line":7,"column":4}}},"fnMap":{"0":{"name":"App","decl":{"start":{"line":4,"column":24},"end":{"line":4,"column":27}},"loc":{"start":{"line":4,"column":30},"end":{"line":8,"column":1}},"line":4}},"branchMap":{},"s":{"0":0},"f":{"0":0},"b":{}}
,"/home/Artur/Desktop/Expo/navigationApp/src/routes/drawer.routs.tsx": {"path":"/home/Artur/Desktop/Expo/navigationApp/src/routes/drawer.routs.tsx","statementMap":{"0":{"start":{"line":6,"column":15},"end":{"line":6,"column":38}},"1":{"start":{"line":9,"column":4},"end":{"line":20,"column":5}},"2":{"start":{"line":15,"column":47},"end":{"line":15,"column":96}}},"fnMap":{"0":{"name":"DrawerRoutes","decl":{"start":{"line":8,"column":24},"end":{"line":8,"column":36}},"loc":{"start":{"line":8,"column":39},"end":{"line":21,"column":1}},"line":8},"1":{"name":"(anonymous_1)","decl":{"start":{"line":15,"column":28},"end":{"line":15,"column":29}},"loc":{"start":{"line":15,"column":47},"end":{"line":15,"column":96}},"line":15}},"branchMap":{},"s":{"0":0,"1":0,"2":0},"f":{"0":0,"1":0},"b":{}}
,"/home/Artur/Desktop/Expo/navigationApp/src/routes/index.tsx": {"path":"/home/Artur/Desktop/Expo/navigationApp/src/routes/index.tsx","statementMap":{"0":{"start":{"line":5,"column":4},"end":{"line":9,"column":5}}},"fnMap":{"0":{"name":"Routes","decl":{"start":{"line":4,"column":24},"end":{"line":4,"column":30}},"loc":{"start":{"line":4,"column":33},"end":{"line":10,"column":1}},"line":4}},"branchMap":{},"s":{"0":0},"f":{"0":0},"b":{}}
,"/home/Artur/Desktop/Expo/navigationApp/src/routes/tab.routes.tsx": {"path":"/home/Artur/Desktop/Expo/navigationApp/src/routes/tab.routes.tsx","statementMap":{"0":{"start":{"line":8,"column":12},"end":{"line":8,"column":38}},"1":{"start":{"line":11,"column":4},"end":{"line":36,"column":6}},"2":{"start":{"line":17,"column":51},"end":{"line":17,"column":100}},"3":{"start":{"line":25,"column":51},"end":{"line":25,"column":100}},"4":{"start":{"line":32,"column":51},"end":{"line":32,"column":104}}},"fnMap":{"0":{"name":"TabRoutes","decl":{"start":{"line":10,"column":24},"end":{"line":10,"column":33}},"loc":{"start":{"line":10,"column":37},"end":{"line":37,"column":1}},"line":10},"1":{"name":"(anonymous_1)","decl":{"start":{"line":17,"column":32},"end":{"line":17,"column":33}},"loc":{"start":{"line":17,"column":51},"end":{"line":17,"column":100}},"line":17},"2":{"name":"(anonymous_2)","decl":{"start":{"line":25,"column":32},"end":{"line":25,"column":33}},"loc":{"start":{"line":25,"column":51},"end":{"line":25,"column":100}},"line":25},"3":{"name":"(anonymous_3)","decl":{"start":{"line":32,"column":32},"end":{"line":32,"column":33}},"loc":{"start":{"line":32,"column":51},"end":{"line":32,"column":104}},"line":32}},"branchMap":{},"s":{"0":0,"1":0,"2":0,"3":0,"4":0},"f":{"0":0,"1":0,"2":0,"3":0},"b":{}}
,"/home/Artur/Desktop/Expo/navigationApp/src/screens/Feed.tsx": {"path":"/home/Artur/Desktop/Expo/navigationApp/src/screens/Feed.tsx","statementMap":{"0":{"start":{"line":6,"column":23},"end":{"line":8,"column":4}},"1":{"start":{"line":9,"column":2},"end":{"line":11,"column":3}},"2":{"start":{"line":10,"column":4},"end":{"line":10,"column":16}},"3":{"start":{"line":12,"column":2},"end":{"line":23,"column":3}}},"fnMap":{"0":{"name":"Feed","decl":{"start":{"line":5,"column":24},"end":{"line":5,"column":28}},"loc":{"start":{"line":5,"column":31},"end":{"line":24,"column":1}},"line":5},"1":{"name":"(anonymous_1)","decl":{"start":{"line":21,"column":37},"end":{"line":21,"column":38}},"loc":{"start":{"line":21,"column":43},"end":{"line":21,"column":45}},"line":21}},"branchMap":{"0":{"loc":{"start":{"line":9,"column":2},"end":{"line":11,"column":3}},"type":"if","locations":[{"start":{"line":9,"column":2},"end":{"line":11,"column":3}},{"start":{},"end":{}}],"line":9}},"s":{"0":5,"1":4,"2":2,"3":2},"f":{"0":5,"1":0},"b":{"0":[2,2]},"_coverageSchema":"1a1c01bbd47fc00a2c39e90264f33305004495a9","hash":"2106d4ce65ed922c0460e6e03ba44b475f0c085c"}
,"/home/Artur/Desktop/Expo/navigationApp/src/screens/New.tsx": {"path":"/home/Artur/Desktop/Expo/navigationApp/src/screens/New.tsx","statementMap":{"0":{"start":{"line":6,"column":23},"end":{"line":8,"column":4}},"1":{"start":{"line":9,"column":2},"end":{"line":11,"column":3}},"2":{"start":{"line":10,"column":4},"end":{"line":10,"column":16}},"3":{"start":{"line":12,"column":2},"end":{"line":16,"column":4}}},"fnMap":{"0":{"name":"New","decl":{"start":{"line":5,"column":24},"end":{"line":5,"column":27}},"loc":{"start":{"line":5,"column":30},"end":{"line":17,"column":1}},"line":5}},"branchMap":{"0":{"loc":{"start":{"line":9,"column":2},"end":{"line":11,"column":3}},"type":"if","locations":[{"start":{"line":9,"column":2},"end":{"line":11,"column":3}},{"start":{},"end":{}}],"line":9}},"s":{"0":0,"1":0,"2":0,"3":0},"f":{"0":0},"b":{"0":[0,0]}}
,"/home/Artur/Desktop/Expo/navigationApp/src/screens/Profile.tsx": {"path":"/home/Artur/Desktop/Expo/navigationApp/src/screens/Profile.tsx","statementMap":{"0":{"start":{"line":6,"column":23},"end":{"line":8,"column":4}},"1":{"start":{"line":9,"column":2},"end":{"line":11,"column":3}},"2":{"start":{"line":10,"column":4},"end":{"line":10,"column":16}},"3":{"start":{"line":12,"column":2},"end":{"line":16,"column":4}}},"fnMap":{"0":{"name":"Profile","decl":{"start":{"line":5,"column":24},"end":{"line":5,"column":31}},"loc":{"start":{"line":5,"column":34},"end":{"line":17,"column":1}},"line":5}},"branchMap":{"0":{"loc":{"start":{"line":9,"column":2},"end":{"line":11,"column":3}},"type":"if","locations":[{"start":{"line":9,"column":2},"end":{"line":11,"column":3}},{"start":{},"end":{}}],"line":9}},"s":{"0":0,"1":0,"2":0,"3":0},"f":{"0":0},"b":{"0":[0,0]}}
,"/home/Artur/Desktop/Expo/navigationApp/src/styles/styles.ts": {"path":"/home/Artur/Desktop/Expo/navigationApp/src/styles/styles.ts","statementMap":{"0":{"start":{"line":3,"column":22},"end":{"line":18,"column":2}}},"fnMap":{},"branchMap":{},"s":{"0":1},"f":{},"b":{},"_coverageSchema":"1a1c01bbd47fc00a2c39e90264f33305004495a9","hash":"38a2953d36fcdeb7af01726c69503559f2426d44"}
}
