TN:
SF:App.tsx
FN:4,App
FNF:1
FNH:0
FNDA:0,App
DA:5,0
LF:1
LH:0
BRF:0
BRH:0
end_of_record
TN:
SF:src/routes/drawer.routs.tsx
FN:8,DrawerRoutes
FN:15,(anonymous_1)
FNF:2
FNH:0
FNDA:0,DrawerRoutes
FNDA:0,(anonymous_1)
DA:6,0
DA:9,0
DA:15,0
LF:3
LH:0
BRF:0
BRH:0
end_of_record
TN:
SF:src/routes/index.tsx
FN:4,Routes
FNF:1
FNH:0
FNDA:0,Routes
DA:5,0
LF:1
LH:0
BRF:0
BRH:0
end_of_record
TN:
SF:src/routes/tab.routes.tsx
FN:10,TabRoutes
FN:17,(anonymous_1)
FN:25,(anonymous_2)
FN:32,(anonymous_3)
FNF:4
FNH:0
FNDA:0,TabRoutes
FNDA:0,(anonymous_1)
FNDA:0,(anonymous_2)
FNDA:0,(anonymous_3)
DA:8,0
DA:11,0
DA:17,0
DA:25,0
DA:32,0
LF:5
LH:0
BRF:0
BRH:0
end_of_record
TN:
SF:src/screens/Feed.tsx
FN:5,Feed
FN:21,(anonymous_1)
FNF:2
FNH:1
FNDA:5,Feed
FNDA:0,(anonymous_1)
DA:6,5
DA:9,4
DA:10,2
DA:12,2
LF:4
LH:4
BRDA:9,0,0,2
BRDA:9,0,1,2
BRF:2
BRH:2
end_of_record
TN:
SF:src/screens/New.tsx
FN:5,New
FNF:1
FNH:0
FNDA:0,New
DA:6,0
DA:9,0
DA:10,0
DA:12,0
LF:4
LH:0
BRDA:9,0,0,0
BRDA:9,0,1,0
BRF:2
BRH:0
end_of_record
TN:
SF:src/screens/Profile.tsx
FN:5,Profile
FNF:1
FNH:0
FNDA:0,Profile
DA:6,0
DA:9,0
DA:10,0
DA:12,0
LF:4
LH:0
BRDA:9,0,0,0
BRDA:9,0,1,0
BRF:2
BRH:0
end_of_record
TN:
SF:src/styles/styles.ts
FNF:0
FNH:0
DA:3,1
LF:1
LH:1
BRF:0
BRH:0
end_of_record
